CRITICAL - 2021-07-29 09:51:45 --> Call to undefined function form_open()
#0 C:\app\siakad-kampus\system\View\View.php(230): include()
#1 C:\app\siakad-kampus\system\View\View.php(232): CodeIgniter\View\View->CodeIgniter\View\{closure}()
#2 C:\app\siakad-kampus\system\Common.php(1271): CodeIgniter\View\View->render('admin/v_fakulta...', Array, true)
#3 C:\app\siakad-kampus\app\Views\layout\v_content.php(3): view('admin/v_fakulta...')
#4 C:\app\siakad-kampus\system\View\View.php(230): include('C:\\app\\siakad-k...')
#5 C:\app\siakad-kampus\system\View\View.php(232): CodeIgniter\View\View->CodeIgniter\View\{closure}()
#6 C:\app\siakad-kampus\system\Common.php(1271): CodeIgniter\View\View->render('layout/v_conten...', Array, true)
#7 C:\app\siakad-kampus\app\Views\layout\v_wrapper.php(6): view('layout/v_conten...')
#8 C:\app\siakad-kampus\system\View\View.php(230): include('C:\\app\\siakad-k...')
#9 C:\app\siakad-kampus\system\View\View.php(232): CodeIgniter\View\View->CodeIgniter\View\{closure}()
#10 C:\app\siakad-kampus\system\Common.php(1271): CodeIgniter\View\View->render('layout/v_wrappe...', Array, true)
#11 C:\app\siakad-kampus\app\Controllers\Fakultas.php(20): view('layout/v_wrappe...', Array)
#12 C:\app\siakad-kampus\system\CodeIgniter.php(928): App\Controllers\Fakultas->index()
#13 C:\app\siakad-kampus\system\CodeIgniter.php(436): CodeIgniter\CodeIgniter->runController(Object(App\Controllers\Fakultas))
#14 C:\app\siakad-kampus\system\CodeIgniter.php(336): CodeIgniter\CodeIgniter->handleRequest(NULL, Object(Config\Cache), false)
#15 C:\app\siakad-kampus\public\index.php(37): CodeIgniter\CodeIgniter->run()
#16 C:\app\siakad-kampus\system\Commands\Server\rewrite.php(45): require_once('C:\\app\\siakad-k...')
#17 {main}
CRITICAL - 2021-07-29 11:29:42 --> You must set the database table to be used with your query.
#0 C:\app\siakad-kampus\system\Model.php(602): CodeIgniter\Database\BaseConnection->table(NULL)
#1 C:\app\siakad-kampus\system\Model.php(361): CodeIgniter\Model->builder()
#2 C:\app\siakad-kampus\system\BaseModel.php(1025): CodeIgniter\Model->doDelete(Array, false)
#3 C:\app\siakad-kampus\app\Controllers\Fakultas.php(50): CodeIgniter\BaseModel->delete(Array)
#4 C:\app\siakad-kampus\system\CodeIgniter.php(928): App\Controllers\Fakultas->delete('5')
#5 C:\app\siakad-kampus\system\CodeIgniter.php(436): CodeIgniter\CodeIgniter->runController(Object(App\Controllers\Fakultas))
#6 C:\app\siakad-kampus\system\CodeIgniter.php(336): CodeIgniter\CodeIgniter->handleRequest(NULL, Object(Config\Cache), false)
#7 C:\app\siakad-kampus\public\index.php(37): CodeIgniter\CodeIgniter->run()
#8 C:\app\siakad-kampus\system\Commands\Server\rewrite.php(45): require_once('C:\\app\\siakad-k...')
#9 {main}
CRITICAL - 2021-07-29 11:30:18 --> You must set the database table to be used with your query.
#0 C:\app\siakad-kampus\system\Model.php(602): CodeIgniter\Database\BaseConnection->table(NULL)
#1 C:\app\siakad-kampus\system\Model.php(361): CodeIgniter\Model->builder()
#2 C:\app\siakad-kampus\system\BaseModel.php(1025): CodeIgniter\Model->doDelete(Array, false)
#3 C:\app\siakad-kampus\app\Controllers\Fakultas.php(50): CodeIgniter\BaseModel->delete(Array)
#4 C:\app\siakad-kampus\system\CodeIgniter.php(928): App\Controllers\Fakultas->delete('5')
#5 C:\app\siakad-kampus\system\CodeIgniter.php(436): CodeIgniter\CodeIgniter->runController(Object(App\Controllers\Fakultas))
#6 C:\app\siakad-kampus\system\CodeIgniter.php(336): CodeIgniter\CodeIgniter->handleRequest(NULL, Object(Config\Cache), false)
#7 C:\app\siakad-kampus\public\index.php(37): CodeIgniter\CodeIgniter->run()
#8 C:\app\siakad-kampus\system\Commands\Server\rewrite.php(45): require_once('C:\\app\\siakad-k...')
#9 {main}
CRITICAL - 2021-07-29 12:24:53 --> Undefined variable: gedung
#0 C:\app\siakad-kampus\app\Views\admin\ruangan\v_index.php(40): CodeIgniter\Debug\Exceptions->errorHandler(8, 'Undefined varia...', 'C:\\app\\siakad-k...', 40, Array)
#1 C:\app\siakad-kampus\system\View\View.php(230): include('C:\\app\\siakad-k...')
#2 C:\app\siakad-kampus\system\View\View.php(232): CodeIgniter\View\View->CodeIgniter\View\{closure}()
#3 C:\app\siakad-kampus\system\Common.php(1271): CodeIgniter\View\View->render('admin/ruangan/v...', Array, true)
#4 C:\app\siakad-kampus\app\Views\layout\v_content.php(3): view('admin/ruangan/v...')
#5 C:\app\siakad-kampus\system\View\View.php(230): include('C:\\app\\siakad-k...')
#6 C:\app\siakad-kampus\system\View\View.php(232): CodeIgniter\View\View->CodeIgniter\View\{closure}()
#7 C:\app\siakad-kampus\system\Common.php(1271): CodeIgniter\View\View->render('layout/v_conten...', Array, true)
#8 C:\app\siakad-kampus\app\Views\layout\v_wrapper.php(6): view('layout/v_conten...')
#9 C:\app\siakad-kampus\system\View\View.php(230): include('C:\\app\\siakad-k...')
#10 C:\app\siakad-kampus\system\View\View.php(232): CodeIgniter\View\View->CodeIgniter\View\{closure}()
#11 C:\app\siakad-kampus\system\Common.php(1271): CodeIgniter\View\View->render('layout/v_wrappe...', Array, true)
#12 C:\app\siakad-kampus\app\Controllers\Ruangan.php(21): view('layout/v_wrappe...', Array)
#13 C:\app\siakad-kampus\system\CodeIgniter.php(928): App\Controllers\Ruangan->index()
#14 C:\app\siakad-kampus\system\CodeIgniter.php(436): CodeIgniter\CodeIgniter->runController(Object(App\Controllers\Ruangan))
#15 C:\app\siakad-kampus\system\CodeIgniter.php(336): CodeIgniter\CodeIgniter->handleRequest(NULL, Object(Config\Cache), false)
#16 C:\app\siakad-kampus\public\index.php(37): CodeIgniter\CodeIgniter->run()
#17 C:\app\siakad-kampus\system\Commands\Server\rewrite.php(45): require_once('C:\\app\\siakad-k...')
#18 {main}
