CRITICAL - 2021-07-31 00:15:35 --> Undefined variable: gedung
#0 C:\app\siakad-kampus\app\Views\admin\prodi\v_add.php(44): CodeIgniter\Debug\Exceptions->errorHandler(8, 'Undefined varia...', 'C:\\app\\siakad-k...', 44, Array)
#1 C:\app\siakad-kampus\system\View\View.php(230): include('C:\\app\\siakad-k...')
#2 C:\app\siakad-kampus\system\View\View.php(232): CodeIgniter\View\View->CodeIgniter\View\{closure}()
#3 C:\app\siakad-kampus\system\Common.php(1271): CodeIgniter\View\View->render('admin/prodi/v_a...', Array, true)
#4 C:\app\siakad-kampus\app\Views\layout\v_content.php(3): view('admin/prodi/v_a...')
#5 C:\app\siakad-kampus\system\View\View.php(230): include('C:\\app\\siakad-k...')
#6 C:\app\siakad-kampus\system\View\View.php(232): CodeIgniter\View\View->CodeIgniter\View\{closure}()
#7 C:\app\siakad-kampus\system\Common.php(1271): CodeIgniter\View\View->render('layout/v_conten...', Array, true)
#8 C:\app\siakad-kampus\app\Views\layout\v_wrapper.php(6): view('layout/v_conten...')
#9 C:\app\siakad-kampus\system\View\View.php(230): include('C:\\app\\siakad-k...')
#10 C:\app\siakad-kampus\system\View\View.php(232): CodeIgniter\View\View->CodeIgniter\View\{closure}()
#11 C:\app\siakad-kampus\system\Common.php(1271): CodeIgniter\View\View->render('layout/v_wrappe...', Array, true)
#12 C:\app\siakad-kampus\app\Controllers\Prodi.php(33): view('layout/v_wrappe...', Array)
#13 C:\app\siakad-kampus\system\CodeIgniter.php(928): App\Controllers\Prodi->add()
#14 C:\app\siakad-kampus\system\CodeIgniter.php(436): CodeIgniter\CodeIgniter->runController(Object(App\Controllers\Prodi))
#15 C:\app\siakad-kampus\system\CodeIgniter.php(336): CodeIgniter\CodeIgniter->handleRequest(NULL, Object(Config\Cache), false)
#16 C:\app\siakad-kampus\public\index.php(37): CodeIgniter\CodeIgniter->run()
#17 C:\app\siakad-kampus\system\Commands\Server\rewrite.php(45): require_once('C:\\app\\siakad-k...')
#18 {main}
CRITICAL - 2021-07-31 00:24:08 --> Undefined index: id_falkultas
#0 C:\app\siakad-kampus\app\Views\admin\prodi\v_add.php(45): CodeIgniter\Debug\Exceptions->errorHandler(8, 'Undefined index...', 'C:\\app\\siakad-k...', 45, Array)
#1 C:\app\siakad-kampus\system\View\View.php(230): include('C:\\app\\siakad-k...')
#2 C:\app\siakad-kampus\system\View\View.php(232): CodeIgniter\View\View->CodeIgniter\View\{closure}()
#3 C:\app\siakad-kampus\system\Common.php(1271): CodeIgniter\View\View->render('admin/prodi/v_a...', Array, true)
#4 C:\app\siakad-kampus\app\Views\layout\v_content.php(3): view('admin/prodi/v_a...')
#5 C:\app\siakad-kampus\system\View\View.php(230): include('C:\\app\\siakad-k...')
#6 C:\app\siakad-kampus\system\View\View.php(232): CodeIgniter\View\View->CodeIgniter\View\{closure}()
#7 C:\app\siakad-kampus\system\Common.php(1271): CodeIgniter\View\View->render('layout/v_conten...', Array, true)
#8 C:\app\siakad-kampus\app\Views\layout\v_wrapper.php(6): view('layout/v_conten...')
#9 C:\app\siakad-kampus\system\View\View.php(230): include('C:\\app\\siakad-k...')
#10 C:\app\siakad-kampus\system\View\View.php(232): CodeIgniter\View\View->CodeIgniter\View\{closure}()
#11 C:\app\siakad-kampus\system\Common.php(1271): CodeIgniter\View\View->render('layout/v_wrappe...', Array, true)
#12 C:\app\siakad-kampus\app\Controllers\Prodi.php(35): view('layout/v_wrappe...', Array)
#13 C:\app\siakad-kampus\system\CodeIgniter.php(928): App\Controllers\Prodi->add()
#14 C:\app\siakad-kampus\system\CodeIgniter.php(436): CodeIgniter\CodeIgniter->runController(Object(App\Controllers\Prodi))
#15 C:\app\siakad-kampus\system\CodeIgniter.php(336): CodeIgniter\CodeIgniter->handleRequest(NULL, Object(Config\Cache), false)
#16 C:\app\siakad-kampus\public\index.php(37): CodeIgniter\CodeIgniter->run()
#17 C:\app\siakad-kampus\system\Commands\Server\rewrite.php(45): require_once('C:\\app\\siakad-k...')
#18 {main}
CRITICAL - 2021-07-31 00:25:28 --> Undefined index: id_falkultas
#0 C:\app\siakad-kampus\app\Views\admin\prodi\v_add.php(45): CodeIgniter\Debug\Exceptions->errorHandler(8, 'Undefined index...', 'C:\\app\\siakad-k...', 45, Array)
#1 C:\app\siakad-kampus\system\View\View.php(230): include('C:\\app\\siakad-k...')
#2 C:\app\siakad-kampus\system\View\View.php(232): CodeIgniter\View\View->CodeIgniter\View\{closure}()
#3 C:\app\siakad-kampus\system\Common.php(1271): CodeIgniter\View\View->render('admin/prodi/v_a...', Array, true)
#4 C:\app\siakad-kampus\app\Views\layout\v_content.php(3): view('admin/prodi/v_a...')
#5 C:\app\siakad-kampus\system\View\View.php(230): include('C:\\app\\siakad-k...')
#6 C:\app\siakad-kampus\system\View\View.php(232): CodeIgniter\View\View->CodeIgniter\View\{closure}()
#7 C:\app\siakad-kampus\system\Common.php(1271): CodeIgniter\View\View->render('layout/v_conten...', Array, true)
#8 C:\app\siakad-kampus\app\Views\layout\v_wrapper.php(6): view('layout/v_conten...')
#9 C:\app\siakad-kampus\system\View\View.php(230): include('C:\\app\\siakad-k...')
#10 C:\app\siakad-kampus\system\View\View.php(232): CodeIgniter\View\View->CodeIgniter\View\{closure}()
#11 C:\app\siakad-kampus\system\Common.php(1271): CodeIgniter\View\View->render('layout/v_wrappe...', Array, true)
#12 C:\app\siakad-kampus\app\Controllers\Prodi.php(35): view('layout/v_wrappe...', Array)
#13 C:\app\siakad-kampus\system\CodeIgniter.php(928): App\Controllers\Prodi->add()
#14 C:\app\siakad-kampus\system\CodeIgniter.php(436): CodeIgniter\CodeIgniter->runController(Object(App\Controllers\Prodi))
#15 C:\app\siakad-kampus\system\CodeIgniter.php(336): CodeIgniter\CodeIgniter->handleRequest(NULL, Object(Config\Cache), false)
#16 C:\app\siakad-kampus\public\index.php(37): CodeIgniter\CodeIgniter->run()
#17 C:\app\siakad-kampus\system\Commands\Server\rewrite.php(45): require_once('C:\\app\\siakad-k...')
#18 {main}
ERROR - 2021-07-31 00:58:34 --> Unknown column 'kprodi' in 'field list'
CRITICAL - 2021-07-31 00:58:34 --> Unknown column 'kprodi' in 'field list'
#0 C:\app\siakad-kampus\system\Database\MySQLi\Connection.php(329): mysqli->query('INSERT INTO `tb...')
#1 C:\app\siakad-kampus\system\Database\BaseConnection.php(732): CodeIgniter\Database\MySQLi\Connection->execute('INSERT INTO `tb...')
#2 C:\app\siakad-kampus\system\Database\BaseConnection.php(647): CodeIgniter\Database\BaseConnection->simpleQuery('INSERT INTO `tb...')
#3 C:\app\siakad-kampus\system\Database\BaseBuilder.php(2277): CodeIgniter\Database\BaseConnection->query('INSERT INTO `tb...', Array, false)
#4 C:\app\siakad-kampus\app\Models\ModelProdi.php(27): CodeIgniter\Database\BaseBuilder->insert(Array)
#5 C:\app\siakad-kampus\app\Controllers\Prodi.php(70): App\Models\ModelProdi->add(Array)
#6 C:\app\siakad-kampus\system\CodeIgniter.php(928): App\Controllers\Prodi->insert()
#7 C:\app\siakad-kampus\system\CodeIgniter.php(436): CodeIgniter\CodeIgniter->runController(Object(App\Controllers\Prodi))
#8 C:\app\siakad-kampus\system\CodeIgniter.php(336): CodeIgniter\CodeIgniter->handleRequest(NULL, Object(Config\Cache), false)
#9 C:\app\siakad-kampus\public\index.php(37): CodeIgniter\CodeIgniter->run()
#10 C:\app\siakad-kampus\system\Commands\Server\rewrite.php(45): require_once('C:\\app\\siakad-k...')
#11 {main}
CRITICAL - 2021-07-31 01:20:34 --> Invalid file: admin/prodi/v_edit.php
#0 C:\app\siakad-kampus\system\View\View.php(213): CodeIgniter\Exceptions\FrameworkException::forInvalidFile('admin/prodi/v_e...')
#1 C:\app\siakad-kampus\system\Common.php(1271): CodeIgniter\View\View->render('admin/prodi/v_e...', Array, true)
#2 C:\app\siakad-kampus\app\Views\layout\v_content.php(3): view('admin/prodi/v_e...')
#3 C:\app\siakad-kampus\system\View\View.php(230): include('C:\\app\\siakad-k...')
#4 C:\app\siakad-kampus\system\View\View.php(232): CodeIgniter\View\View->CodeIgniter\View\{closure}()
#5 C:\app\siakad-kampus\system\Common.php(1271): CodeIgniter\View\View->render('layout/v_conten...', Array, true)
#6 C:\app\siakad-kampus\app\Views\layout\v_wrapper.php(6): view('layout/v_conten...')
#7 C:\app\siakad-kampus\system\View\View.php(230): include('C:\\app\\siakad-k...')
#8 C:\app\siakad-kampus\system\View\View.php(232): CodeIgniter\View\View->CodeIgniter\View\{closure}()
#9 C:\app\siakad-kampus\system\Common.php(1271): CodeIgniter\View\View->render('layout/v_wrappe...', Array, true)
#10 C:\app\siakad-kampus\app\Controllers\Prodi.php(98): view('layout/v_wrappe...', Array)
#11 C:\app\siakad-kampus\system\CodeIgniter.php(928): App\Controllers\Prodi->edit('2')
#12 C:\app\siakad-kampus\system\CodeIgniter.php(436): CodeIgniter\CodeIgniter->runController(Object(App\Controllers\Prodi))
#13 C:\app\siakad-kampus\system\CodeIgniter.php(336): CodeIgniter\CodeIgniter->handleRequest(NULL, Object(Config\Cache), false)
#14 C:\app\siakad-kampus\public\index.php(37): CodeIgniter\CodeIgniter->run()
#15 C:\app\siakad-kampus\system\Commands\Server\rewrite.php(45): require_once('C:\\app\\siakad-k...')
#16 {main}
CRITICAL - 2021-07-31 05:44:22 --> Undefined variable: gedung
#0 C:\app\siakad-kampus\app\Views\admin\v_ta.php(41): CodeIgniter\Debug\Exceptions->errorHandler(8, 'Undefined varia...', 'C:\\app\\siakad-k...', 41, Array)
#1 C:\app\siakad-kampus\system\View\View.php(230): include('C:\\app\\siakad-k...')
#2 C:\app\siakad-kampus\system\View\View.php(232): CodeIgniter\View\View->CodeIgniter\View\{closure}()
#3 C:\app\siakad-kampus\system\Common.php(1271): CodeIgniter\View\View->render('admin/v_ta', Array, true)
#4 C:\app\siakad-kampus\app\Views\layout\v_content.php(3): view('admin/v_ta')
#5 C:\app\siakad-kampus\system\View\View.php(230): include('C:\\app\\siakad-k...')
#6 C:\app\siakad-kampus\system\View\View.php(232): CodeIgniter\View\View->CodeIgniter\View\{closure}()
#7 C:\app\siakad-kampus\system\Common.php(1271): CodeIgniter\View\View->render('layout/v_conten...', Array, true)
#8 C:\app\siakad-kampus\app\Views\layout\v_wrapper.php(6): view('layout/v_conten...')
#9 C:\app\siakad-kampus\system\View\View.php(230): include('C:\\app\\siakad-k...')
#10 C:\app\siakad-kampus\system\View\View.php(232): CodeIgniter\View\View->CodeIgniter\View\{closure}()
#11 C:\app\siakad-kampus\system\Common.php(1271): CodeIgniter\View\View->render('layout/v_wrappe...', Array, true)
#12 C:\app\siakad-kampus\app\Controllers\Ta.php(22): view('layout/v_wrappe...', Array)
#13 C:\app\siakad-kampus\system\CodeIgniter.php(928): App\Controllers\Ta->index()
#14 C:\app\siakad-kampus\system\CodeIgniter.php(436): CodeIgniter\CodeIgniter->runController(Object(App\Controllers\Ta))
#15 C:\app\siakad-kampus\system\CodeIgniter.php(336): CodeIgniter\CodeIgniter->handleRequest(NULL, Object(Config\Cache), false)
#16 C:\app\siakad-kampus\public\index.php(37): CodeIgniter\CodeIgniter->run()
#17 C:\app\siakad-kampus\system\Commands\Server\rewrite.php(45): require_once('C:\\app\\siakad-k...')
#18 {main}
ERROR - 2021-07-31 09:23:10 --> Error connecting to the database: No connection could be made because the target machine actively refused it.

CRITICAL - 2021-07-31 09:23:10 --> Unable to connect to the database.
Main connection [MySQLi]: No connection could be made because the target machine actively refused it.

#0 C:\app\siakad-kampus\system\Database\BaseConnection.php(625): CodeIgniter\Database\BaseConnection->initialize()
#1 C:\app\siakad-kampus\system\Database\BaseBuilder.php(1881): CodeIgniter\Database\BaseConnection->query('SELECT *\nFROM `...', Array, false)
#2 C:\app\siakad-kampus\app\Models\ModelTa.php(13): CodeIgniter\Database\BaseBuilder->get()
#3 C:\app\siakad-kampus\app\Controllers\Ta.php(19): App\Models\ModelTa->allData()
#4 C:\app\siakad-kampus\system\CodeIgniter.php(928): App\Controllers\Ta->index()
#5 C:\app\siakad-kampus\system\CodeIgniter.php(436): CodeIgniter\CodeIgniter->runController(Object(App\Controllers\Ta))
#6 C:\app\siakad-kampus\system\CodeIgniter.php(336): CodeIgniter\CodeIgniter->handleRequest(NULL, Object(Config\Cache), false)
#7 C:\app\siakad-kampus\public\index.php(37): CodeIgniter\CodeIgniter->run()
#8 C:\app\siakad-kampus\system\Commands\Server\rewrite.php(45): require_once('C:\\app\\siakad-k...')
#9 {main}
ERROR - 2021-07-31 11:03:11 --> Table 'db-siakad-kampus.tbl_matkul' doesn't exist
CRITICAL - 2021-07-31 11:03:11 --> Table 'db-siakad-kampus.tbl_matkul' doesn't exist
#0 C:\app\siakad-kampus\system\Database\MySQLi\Connection.php(329): mysqli->query('SELECT *\nFROM `...')
#1 C:\app\siakad-kampus\system\Database\BaseConnection.php(732): CodeIgniter\Database\MySQLi\Connection->execute('SELECT *\nFROM `...')
#2 C:\app\siakad-kampus\system\Database\BaseConnection.php(647): CodeIgniter\Database\BaseConnection->simpleQuery('SELECT *\nFROM `...')
#3 C:\app\siakad-kampus\system\Database\BaseBuilder.php(1881): CodeIgniter\Database\BaseConnection->query('SELECT *\nFROM `...', Array, false)
#4 C:\app\siakad-kampus\app\Models\ModelMatkul.php(13): CodeIgniter\Database\BaseBuilder->get()
#5 C:\app\siakad-kampus\app\Controllers\Matkul.php(18): App\Models\ModelMatkul->allData()
#6 C:\app\siakad-kampus\system\CodeIgniter.php(928): App\Controllers\Matkul->index()
#7 C:\app\siakad-kampus\system\CodeIgniter.php(436): CodeIgniter\CodeIgniter->runController(Object(App\Controllers\Matkul))
#8 C:\app\siakad-kampus\system\CodeIgniter.php(336): CodeIgniter\CodeIgniter->handleRequest(NULL, Object(Config\Cache), false)
#9 C:\app\siakad-kampus\public\index.php(37): CodeIgniter\CodeIgniter->run()
#10 C:\app\siakad-kampus\system\Commands\Server\rewrite.php(45): require_once('C:\\app\\siakad-k...')
#11 {main}
