CRITICAL - 2021-07-30 08:12:46 --> Invalid file: admin/ruangan/edit.php
#0 C:\app\siakad-kampus\system\View\View.php(213): CodeIgniter\Exceptions\FrameworkException::forInvalidFile('admin/ruangan/e...')
#1 C:\app\siakad-kampus\system\Common.php(1271): CodeIgniter\View\View->render('admin/ruangan/e...', Array, true)
#2 C:\app\siakad-kampus\app\Views\layout\v_content.php(3): view('admin/ruangan/e...')
#3 C:\app\siakad-kampus\system\View\View.php(230): include('C:\\app\\siakad-k...')
#4 C:\app\siakad-kampus\system\View\View.php(232): CodeIgniter\View\View->CodeIgniter\View\{closure}()
#5 C:\app\siakad-kampus\system\Common.php(1271): CodeIgniter\View\View->render('layout/v_conten...', Array, true)
#6 C:\app\siakad-kampus\app\Views\layout\v_wrapper.php(6): view('layout/v_conten...')
#7 C:\app\siakad-kampus\system\View\View.php(230): include('C:\\app\\siakad-k...')
#8 C:\app\siakad-kampus\system\View\View.php(232): CodeIgniter\View\View->CodeIgniter\View\{closure}()
#9 C:\app\siakad-kampus\system\Common.php(1271): CodeIgniter\View\View->render('layout/v_wrappe...', Array, true)
#10 C:\app\siakad-kampus\app\Controllers\Ruangan.php(72): view('layout/v_wrappe...', Array)
#11 C:\app\siakad-kampus\system\CodeIgniter.php(928): App\Controllers\Ruangan->edit('8')
#12 C:\app\siakad-kampus\system\CodeIgniter.php(436): CodeIgniter\CodeIgniter->runController(Object(App\Controllers\Ruangan))
#13 C:\app\siakad-kampus\system\CodeIgniter.php(336): CodeIgniter\CodeIgniter->handleRequest(NULL, Object(Config\Cache), false)
#14 C:\app\siakad-kampus\public\index.php(37): CodeIgniter\CodeIgniter->run()
#15 C:\app\siakad-kampus\system\Commands\Server\rewrite.php(45): require_once('C:\\app\\siakad-k...')
#16 {main}
CRITICAL - 2021-07-30 08:13:17 --> Invalid file: admin/ruangan/v_edit.php
#0 C:\app\siakad-kampus\system\View\View.php(213): CodeIgniter\Exceptions\FrameworkException::forInvalidFile('admin/ruangan/v...')
#1 C:\app\siakad-kampus\system\Common.php(1271): CodeIgniter\View\View->render('admin/ruangan/v...', Array, true)
#2 C:\app\siakad-kampus\app\Views\layout\v_content.php(3): view('admin/ruangan/v...')
#3 C:\app\siakad-kampus\system\View\View.php(230): include('C:\\app\\siakad-k...')
#4 C:\app\siakad-kampus\system\View\View.php(232): CodeIgniter\View\View->CodeIgniter\View\{closure}()
#5 C:\app\siakad-kampus\system\Common.php(1271): CodeIgniter\View\View->render('layout/v_conten...', Array, true)
#6 C:\app\siakad-kampus\app\Views\layout\v_wrapper.php(6): view('layout/v_conten...')
#7 C:\app\siakad-kampus\system\View\View.php(230): include('C:\\app\\siakad-k...')
#8 C:\app\siakad-kampus\system\View\View.php(232): CodeIgniter\View\View->CodeIgniter\View\{closure}()
#9 C:\app\siakad-kampus\system\Common.php(1271): CodeIgniter\View\View->render('layout/v_wrappe...', Array, true)
#10 C:\app\siakad-kampus\app\Controllers\Ruangan.php(72): view('layout/v_wrappe...', Array)
#11 C:\app\siakad-kampus\system\CodeIgniter.php(928): App\Controllers\Ruangan->edit('8')
#12 C:\app\siakad-kampus\system\CodeIgniter.php(436): CodeIgniter\CodeIgniter->runController(Object(App\Controllers\Ruangan))
#13 C:\app\siakad-kampus\system\CodeIgniter.php(336): CodeIgniter\CodeIgniter->handleRequest(NULL, Object(Config\Cache), false)
#14 C:\app\siakad-kampus\public\index.php(37): CodeIgniter\CodeIgniter->run()
#15 C:\app\siakad-kampus\system\Commands\Server\rewrite.php(45): require_once('C:\\app\\siakad-k...')
#16 {main}
